<?xml version="1.0" encoding="UTF-8"?>
<testsuite name="LinkedListTest" tests="1" skipped="0" failures="0" errors="0" timestamp="2019-11-29T16:35:56" hostname="thomas-HP-EliteBook-840-G2" time="0.001">
  <properties/>
  <testcase name="AddNode" classname="LinkedListTest" time="0.001"/>
  <system-out><![CDATA[]]></system-out>
  <system-err><![CDATA[]]></system-err>
</testsuite>
